120: 0.4826254826254826
105: 0.10810810810810811
360: 0.09652509652509653
240: 0.04633204633204633
84: 0.023166023166023165
1492: 0.023166023166023165
36: 0.019305019305019305
54: 0.019305019305019305
82: 0.015444015444015444
225: 0.015444015444015444
Frequency counts:
#0: 120 [0.4826254826254826]
#1: 105 [0.10810810810810811]
#2: 360 [0.09652509652509653]
#3: 240 [0.04633204633204633]
#4: 84 [0.023166023166023165]
#6: 54 [0.019305019305019305]
#12: 83 [0.003861003861003861]
#19: 225 [0.015444015444015444]
#25: 465 [0.003861003861003861]



-0.73 < li class = " result - row " data - pid = "
-0.73 < / span > < span class = " result - tags " > <
-0.73 < / a > < span class = " result - meta " > < span class = " result - price " > $
-0.73 " > < a href = " https : / / newyork . craigslist . org /
-0.73 " > Apr 3 < / time > < a href = " https : / / newyork . craigslist . org /
-0.73 " class = " result - title hdrlnk " >
-0.73 " title = " Fri 03 Apr
-0.73 > < / a > < p class = " result - info " > < span class = " icon icon - star " role = " button " title = " save this post in your favorites list " > < span class = " screen - reader - text " > favorite this post < / span > < / span > < time class = " result - date " datetime = " 2020 - 04 - 03
-0.73 > < / span > < span class = " banish icon icon - trash " role = " button " > < span class = " screen - reader - text " > hide this posting < / span > < / span > < span class = " unbanish icon icon - trash red " role = " button " aria - hidden = " true " > < / span > < a href = " https : / / newyork . craigslist . org / d / photo - video / search / pha # " class = " restore - link " > < span class = " restore - narrow - text " > restore < / span > < span class = " restore - wide - text " > restore this posting < / span > < / a > < / span > < / p > < / li >
-0.73 . html " class = " result - image gallery
-0.73 . html " data - id = "
-2.22 < / span > < / a > < p class = " result - info " > < span class = " icon icon - star " role = " button " title = " save this post in your favorites list " > < span class = " screen - reader - text " > favorite this post < / span > < / span > < time class = " result - date " datetime = " 2020 - 04 - 03
-2.22 < / span > < span class = " result - tags " > < span class = " pictag " > pic < / span > < / span > < span class = " banish icon icon - trash " role = " button " > < span class = " screen - reader - text " > hide this posting < / span > < / span > < span class = " unbanish icon icon - trash red " role = " button " aria - hidden = " true " > < / span > < a href = " https : / / newyork . craigslist . org / d / photo - video / search / pha # " class = " restore - link " > < span class = " restore - narrow - text " > restore < / span > < span class = " restore - wide - text " > restore this posting < / span > < / a > < / span > < / p > < / li > < li class = " result - row " data - pid = "
-2.22 " > < img alt = " " class = " thumb " src = " . / craigslist1_files /
-2.22 . html " class = " result - image gallery " data - ids = "
-2.22 . jpg " > < span class = " result - price " > $
-2.34 < / a > <
-2.34 class = " restore -
-2.34 " role = " button "
-2.34 > < a href = " https : / / newyork . craigslist . org /
-2.34 / d /
-2.34 icon icon -
-3.07 " > < span class = " screen - reader - text " >
-3.07 " class = " result -
-3.07 - text " > restore
-3.07 > < span class = " restore -
-3.07 > < / a > <
-3.07 > < / span > < span class = "
-3.07 / pho / d /
-3.07 . html "
-3.07 icon icon - trash
-3.07 this post
-3.07 this posting < / span > < /
-3.77 < / span > <
-3.77 " data - repost - of = "
-3.77 > < span class = "
-3.77 PM " > Apr 3 < / time > < a href = " https : / / newyork . craigslist . org /
-3.95 " title = " Fri 03 Apr 11 :
-3.95 > < a href = " https : / / newyork . craigslist . org / brk / pho / d / brooklyn -
-3.95 > < / a > < p class = " result - info " > < span class = " icon icon - star " role = " button " title = " save this post in your favorites list " > < span class = " screen - reader - text " > favorite this post < / span > < / span > < time class = " result - date " datetime = " 2020 - 04 - 03 11 :
-3.95 AM " > Apr 3 < / time > < a href = " https : / / newyork . craigslist . org /
-4.17 < / span > < / a > <
-4.17 < / span > < / span > < span class = "
-4.17 < / span > < span class = " result - hood " > (
-4.17 " > < span class = " result - price " > $
-4.17 ) < / span > < span class = " result - tags " > <
0 -> 23 -46.000 ( ) [< li class = " result - row " data - pid = " 7101023051 " data - repost - of = "]
0 -> 15 -30.000 ( ) [< li class = " result - row " data - pid = " 7101023051]
0 -> 14 -0.729 ( ) [⸬< li class = " result - row " data - pid = "]
14 -> 24 -20.000 ( ) [7101023051 " data - repost - of = " 7080444552]
14 -> 23 -18.000 ( ) [7101023051 " data - repost - of = "]
14 -> 15 -2.000 ( ) [7101023051]
15 -> 25 -20.000 ( ) [" data - repost - of = " 7080444552 "]
15 -> 24 -18.000 ( ) [" data - repost - of = " 7080444552]
15 -> 23 -3.765 ( ) [⸬" data - repost - of = "]
23 -> 41 -36.000 ( ) [7080444552 " > < a href = " https : / / newyork . craigslist . org /]
23 -> 25 -4.000 ( ) [7080444552 "]
23 -> 24 -2.000 ( ) [7080444552]
24 -> 42 -36.000 ( ) [" > < a href = " https : / / newyork . craigslist . org / mnh]
24 -> 25 -2.000 ( ) ["]
24 -> 41 -0.729 ( ) [⸬" > < a href = " https : / / newyork . craigslist . org /]
25 -> 44 -38.000 ( ) [> < a href = " https : / / newyork . craigslist . org / mnh / pho]
25 -> 42 -34.000 ( ) [> < a href = " https : / / newyork . craigslist . org / mnh]
25 -> 41 -2.338 ( ) [⸬> < a href = " https : / / newyork . craigslist . org /]
log P(doc) = -34503.47975672612
                  id: 0.000 (pre=1.000 rec=0.000)
               price: 0.086 (pre=0.074 rec=0.102)
                name: 0.546 (pre=0.762 rec=0.425)
                hood: 0.000 (pre=1.000 rec=0.000)
Mean: 0.158 (pre=0.709 rec=0.132)
log P(doc) = -27113.86780002325
                  id: 0.000 (pre=1.000 rec=0.000)
               price: 0.000 (pre=1.000 rec=0.000)
                name: 0.000 (pre=1.000 rec=0.000)
                hood: 0.000 (pre=1.000 rec=0.000)
Mean: 0.000 (pre=1.000 rec=0.000)
log P(doc) = -27060.409065304666
                  id: 0.000 (pre=1.000 rec=0.000)
               price: 0.000 (pre=1.000 rec=0.000)
                name: 0.532 (pre=0.572 rec=0.497)
                hood: 0.000 (pre=1.000 rec=0.000)
Mean: 0.133 (pre=0.893 rec=0.124)
log P(doc) = -27052.30170825398
                  id: 0.000 (pre=1.000 rec=0.000)
               price: 0.124 (pre=0.139 rec=0.111)
                name: 0.000 (pre=1.000 rec=0.000)
                hood: 0.000 (pre=1.000 rec=0.000)
Mean: 0.031 (pre=0.785 rec=0.028)
log P(doc) = -27050.124458636223
                  id: 0.000 (pre=1.000 rec=0.000)
               price: 0.000 (pre=1.000 rec=0.000)
                name: 0.000 (pre=1.000 rec=0.000)
                hood: 0.000 (pre=1.000 rec=0.000)
Mean: 0.000 (pre=1.000 rec=0.000)
log P(doc) = -27049.01622641457
                  id: 0.000 (pre=1.000 rec=0.000)
               price: 0.000 (pre=1.000 rec=0.000)
                name: 0.000 (pre=1.000 rec=0.000)
                hood: 0.000 (pre=1.000 rec=0.000)
Mean: 0.000 (pre=1.000 rec=0.000)
log P(doc) = -27046.63940072196
                  id: 0.000 (pre=1.000 rec=0.000)
               price: 0.000 (pre=1.000 rec=0.000)
                name: 0.000 (pre=1.000 rec=0.000)
                hood: 0.000 (pre=1.000 rec=0.000)
Mean: 0.000 (pre=1.000 rec=0.000)
log P(doc) = -27029.992941475917
                  id: 0.000 (pre=1.000 rec=0.000)
               price: 0.000 (pre=1.000 rec=0.000)
                name: 0.000 (pre=1.000 rec=0.000)
                hood: 0.000 (pre=1.000 rec=0.000)
Mean: 0.000 (pre=1.000 rec=0.000)
log P(doc) = -26910.21862102287
                  id: 0.000 (pre=1.000 rec=0.000)
               price: 0.000 (pre=1.000 rec=0.000)
                name: 0.000 (pre=1.000 rec=0.000)
                hood: 0.000 (pre=1.000 rec=0.000)
Mean: 0.000 (pre=1.000 rec=0.000)
log P(doc) = -26533.050346720207
                  id: 0.000 (pre=1.000 rec=0.000)
               price: 0.116 (pre=0.112 rec=0.120)
                name: 0.000 (pre=1.000 rec=0.000)
                hood: 0.000 (pre=1.000 rec=0.000)
Mean: 0.029 (pre=0.778 rec=0.030)
log P(doc) = -26148.038988006712
                  id: 0.395 (pre=0.838 rec=0.258)
               price: 0.179 (pre=0.274 rec=0.133)
                name: 0.624 (pre=1.000 rec=0.453)
                hood: 0.549 (pre=0.788 rec=0.421)
Mean: 0.437 (pre=0.725 rec=0.317)
log P(doc) = -25873.9390482947
                  id: 0.146 (pre=0.355 rec=0.092)
               price: 0.200 (pre=0.754 rec=0.116)
                name: 0.946 (pre=1.000 rec=0.897)
                hood: 0.609 (pre=0.793 rec=0.494)
Mean: 0.475 (pre=0.725 rec=0.399)
log P(doc) = -25646.31918554692
                  id: 0.283 (pre=0.186 rec=0.592)
               price: 0.096 (pre=0.742 rec=0.051)
                name: 0.994 (pre=0.988 rec=1.000)
                hood: 0.299 (pre=0.776 rec=0.186)
Mean: 0.418 (pre=0.673 rec=0.457)
log P(doc) = -25430.420109158076
                  id: 0.280 (pre=0.184 rec=0.583)
               price: 0.259 (pre=0.238 rec=0.284)
                name: 0.000 (pre=1.000 rec=0.000)
                hood: 0.140 (pre=1.000 rec=0.075)
Mean: 0.170 (pre=0.606 rec=0.236)
log P(doc) = -25169.236329663
                  id: 0.049 (pre=0.025 rec=0.567)
               price: 0.253 (pre=0.228 rec=0.284)
                name: 0.000 (pre=1.000 rec=0.000)
                hood: 0.000 (pre=1.000 rec=0.000)
Mean: 0.075 (pre=0.563 rec=0.213)
log P(doc) = -24745.62840333278
                  id: 0.043 (pre=0.022 rec=0.783)
               price: 0.265 (pre=0.240 rec=0.296)
                name: 0.000 (pre=1.000 rec=0.000)
                hood: 0.000 (pre=1.000 rec=0.000)
Mean: 0.077 (pre=0.565 rec=0.270)
log P(doc) = -24064.974924785383
                  id: 0.824 (pre=1.000 rec=0.700)
               price: 0.256 (pre=0.226 rec=0.296)
                name: 0.000 (pre=1.000 rec=0.000)
                hood: 0.000 (pre=1.000 rec=0.000)
Mean: 0.270 (pre=0.806 rec=0.249)
log P(doc) = -23394.481521370373
                  id: 0.824 (pre=1.000 rec=0.700)
               price: 0.256 (pre=0.226 rec=0.296)
                name: 0.000 (pre=1.000 rec=0.000)
                hood: 0.000 (pre=1.000 rec=0.000)
Mean: 0.270 (pre=0.806 rec=0.249)
log P(doc) = -23016.2951441514
                  id: 0.462 (pre=1.000 rec=0.300)
               price: 0.261 (pre=0.229 rec=0.304)
                name: 0.534 (pre=0.364 rec=1.000)
                hood: 0.000 (pre=1.000 rec=0.000)
Mean: 0.314 (pre=0.648 rec=0.401)
log P(doc) = -22777.93047537019
                  id: 0.952 (pre=1.000 rec=0.908)
               price: 0.267 (pre=0.230 rec=0.318)
                name: 1.000 (pre=1.000 rec=1.000)
                hood: 0.000 (pre=1.000 rec=0.000)
Mean: 0.555 (pre=0.807 rec=0.557)
log P(doc) = -22503.092646430367
                  id: 0.952 (pre=1.000 rec=0.908)
               price: 0.378 (pre=1.000 rec=0.233)
                name: 1.000 (pre=1.000 rec=1.000)
                hood: 0.741 (pre=0.740 rec=0.742)
Mean: 0.768 (pre=0.935 rec=0.721)
log P(doc) = -22206.979210789825
                  id: 0.952 (pre=1.000 rec=0.908)
               price: 0.378 (pre=1.000 rec=0.233)
                name: 1.000 (pre=1.000 rec=1.000)
                hood: 0.741 (pre=0.740 rec=0.742)
Mean: 0.768 (pre=0.935 rec=0.721)
log P(doc) = -21985.498914869626
                  id: 0.952 (pre=1.000 rec=0.908)
               price: 0.327 (pre=0.337 rec=0.318)
                name: 1.000 (pre=1.000 rec=1.000)
                hood: 0.000 (pre=1.000 rec=0.000)
Mean: 0.570 (pre=0.834 rec=0.557)
log P(doc) = -21805.157934742892
                  id: 0.401 (pre=0.257 rec=0.908)
               price: 0.327 (pre=0.337 rec=0.318)
                name: 1.000 (pre=1.000 rec=1.000)
                hood: 0.000 (pre=1.000 rec=0.000)
Mean: 0.432 (pre=0.649 rec=0.557)
log P(doc) = -21626.805603821318
                  id: 0.401 (pre=0.257 rec=0.908)
               price: 0.343 (pre=0.408 rec=0.296)
                name: 1.000 (pre=1.000 rec=1.000)
                hood: 0.000 (pre=1.000 rec=0.000)
Mean: 0.436 (pre=0.666 rec=0.551)
log P(doc) = -21475.401726523185
                  id: 0.427 (pre=0.273 rec=0.983)
               price: 0.333 (pre=0.381 rec=0.296)
                name: 1.000 (pre=1.000 rec=1.000)
                hood: 0.000 (pre=1.000 rec=0.000)
Mean: 0.440 (pre=0.663 rec=0.570)
log P(doc) = -21360.03975424663
                  id: 0.427 (pre=0.273 rec=0.983)
               price: 0.333 (pre=0.381 rec=0.296)
                name: 1.000 (pre=1.000 rec=1.000)
                hood: 0.000 (pre=1.000 rec=0.000)
Mean: 0.440 (pre=0.663 rec=0.570)
log P(doc) = -21257.112490130075
                  id: 0.432 (pre=0.276 rec=1.000)
               price: 0.351 (pre=0.397 rec=0.316)
                name: 1.000 (pre=1.000 rec=1.000)
                hood: 0.000 (pre=1.000 rec=0.000)
Mean: 0.446 (pre=0.668 rec=0.579)
log P(doc) = -21169.08752259819
                  id: 0.432 (pre=0.276 rec=1.000)
               price: 0.351 (pre=0.397 rec=0.316)
                name: 1.000 (pre=1.000 rec=1.000)
                hood: 0.000 (pre=1.000 rec=0.000)
Mean: 0.446 (pre=0.668 rec=0.579)
log P(doc) = -21116.728171878025
                  id: 0.432 (pre=0.276 rec=1.000)
               price: 0.351 (pre=0.397 rec=0.316)
                name: 1.000 (pre=1.000 rec=1.000)
                hood: 0.000 (pre=1.000 rec=0.000)
Mean: 0.446 (pre=0.668 rec=0.579)
log P(doc) = -21077.490598302746
                  id: 0.432 (pre=0.276 rec=1.000)
               price: 0.651 (pre=1.000 rec=0.482)
                name: 1.000 (pre=1.000 rec=1.000)
                hood: 0.778 (pre=0.817 rec=0.742)
Mean: 0.715 (pre=0.773 rec=0.806)
log P(doc) = -21028.280852088206
                  id: 0.432 (pre=0.276 rec=1.000)
               price: 0.587 (pre=1.000 rec=0.416)
                name: 1.000 (pre=1.000 rec=1.000)
                hood: 0.741 (pre=0.740 rec=0.742)
Mean: 0.690 (pre=0.754 rec=0.789)
log P(doc) = -20978.579388446033
                  id: 0.432 (pre=0.276 rec=1.000)
               price: 0.587 (pre=1.000 rec=0.416)
                name: 1.000 (pre=1.000 rec=1.000)
                hood: 0.741 (pre=0.740 rec=0.742)
Mean: 0.690 (pre=0.754 rec=0.789)
log P(doc) = -20935.302725664696
                  id: 0.432 (pre=0.276 rec=1.000)
               price: 0.587 (pre=1.000 rec=0.416)
                name: 1.000 (pre=1.000 rec=1.000)
                hood: 0.741 (pre=0.740 rec=0.742)
Mean: 0.690 (pre=0.754 rec=0.789)
log P(doc) = -20892.073957071952
                  id: 0.432 (pre=0.276 rec=1.000)
               price: 0.587 (pre=1.000 rec=0.416)
                name: 1.000 (pre=1.000 rec=1.000)
                hood: 0.741 (pre=0.740 rec=0.742)
Mean: 0.690 (pre=0.754 rec=0.789)
log P(doc) = -20860.3602687819
                  id: 0.432 (pre=0.276 rec=1.000)
               price: 0.587 (pre=1.000 rec=0.416)
                name: 1.000 (pre=1.000 rec=1.000)
                hood: 0.741 (pre=0.740 rec=0.742)
Mean: 0.690 (pre=0.754 rec=0.789)
log P(doc) = -20850.595823637395
                  id: 0.432 (pre=0.276 rec=1.000)
               price: 0.587 (pre=1.000 rec=0.416)
                name: 1.000 (pre=1.000 rec=1.000)
                hood: 0.741 (pre=0.740 rec=0.742)
Mean: 0.690 (pre=0.754 rec=0.789)
log P(doc) = -20847.29910386069
                  id: 0.432 (pre=0.276 rec=1.000)
               price: 0.587 (pre=1.000 rec=0.416)
                name: 1.000 (pre=1.000 rec=1.000)
                hood: 0.741 (pre=0.740 rec=0.742)
Mean: 0.690 (pre=0.754 rec=0.789)
log P(doc) = -20841.57862742269
                  id: 0.432 (pre=0.276 rec=1.000)
               price: 0.587 (pre=1.000 rec=0.416)
                name: 1.000 (pre=1.000 rec=1.000)
                hood: 0.741 (pre=0.740 rec=0.742)
Mean: 0.690 (pre=0.754 rec=0.789)
log P(doc) = -20830.63064249633
                  id: 0.432 (pre=0.276 rec=1.000)
               price: 0.587 (pre=1.000 rec=0.416)
                name: 1.000 (pre=1.000 rec=1.000)
                hood: 0.741 (pre=0.740 rec=0.742)
Mean: 0.690 (pre=0.754 rec=0.789)
log P(doc) = -20810.874803325492
                  id: 0.432 (pre=0.276 rec=1.000)
               price: 0.587 (pre=1.000 rec=0.416)
                name: 1.000 (pre=1.000 rec=1.000)
                hood: 0.741 (pre=0.740 rec=0.742)
Mean: 0.690 (pre=0.754 rec=0.789)
log P(doc) = -20778.907954622766
                  id: 1.000 (pre=1.000 rec=1.000)
               price: 0.587 (pre=1.000 rec=0.416)
                name: 1.000 (pre=1.000 rec=1.000)
                hood: 0.741 (pre=0.740 rec=0.742)
Mean: 0.832 (pre=0.935 rec=0.789)
log P(doc) = -20736.713353524196
                  id: 1.000 (pre=1.000 rec=1.000)
               price: 0.583 (pre=0.890 rec=0.433)
                name: 1.000 (pre=1.000 rec=1.000)
                hood: 0.780 (pre=0.822 rec=0.742)
Mean: 0.841 (pre=0.928 rec=0.794)
log P(doc) = -20700.703406045
                  id: 1.000 (pre=1.000 rec=1.000)
               price: 0.583 (pre=0.890 rec=0.433)
                name: 1.000 (pre=1.000 rec=1.000)
                hood: 0.780 (pre=0.822 rec=0.742)
Mean: 0.841 (pre=0.928 rec=0.794)
log P(doc) = -20687.542517613594
                  id: 1.000 (pre=1.000 rec=1.000)
               price: 0.583 (pre=0.890 rec=0.433)
                name: 1.000 (pre=1.000 rec=1.000)
                hood: 0.780 (pre=0.822 rec=0.742)
Mean: 0.841 (pre=0.928 rec=0.794)
log P(doc) = -20684.959626461947
                  id: 1.000 (pre=1.000 rec=1.000)
               price: 0.583 (pre=0.890 rec=0.433)
                name: 1.000 (pre=1.000 rec=1.000)
                hood: 0.780 (pre=0.822 rec=0.742)
Mean: 0.841 (pre=0.928 rec=0.794)
log P(doc) = -20683.141516286163
                  id: 1.000 (pre=1.000 rec=1.000)
               price: 0.583 (pre=0.890 rec=0.433)
                name: 1.000 (pre=1.000 rec=1.000)
                hood: 0.780 (pre=0.822 rec=0.742)
Mean: 0.841 (pre=0.928 rec=0.794)
log P(doc) = -20681.43723775227
                  id: 1.000 (pre=1.000 rec=1.000)
               price: 0.583 (pre=0.890 rec=0.433)
                name: 1.000 (pre=1.000 rec=1.000)
                hood: 0.780 (pre=0.822 rec=0.742)
Mean: 0.841 (pre=0.928 rec=0.794)
log P(doc) = -20679.886375149803
                  id: 1.000 (pre=1.000 rec=1.000)
               price: 0.583 (pre=0.890 rec=0.433)
                name: 1.000 (pre=1.000 rec=1.000)
                hood: 0.780 (pre=0.822 rec=0.742)
Mean: 0.841 (pre=0.928 rec=0.794)
log P(doc) = -20678.51148107199
                  id: 1.000 (pre=1.000 rec=1.000)
               price: 0.583 (pre=0.890 rec=0.433)
                name: 1.000 (pre=1.000 rec=1.000)
                hood: 0.780 (pre=0.822 rec=0.742)
Mean: 0.841 (pre=0.928 rec=0.794)
log P(doc) = -20677.31781129283
                  id: 1.000 (pre=1.000 rec=1.000)
               price: 0.583 (pre=0.890 rec=0.433)
                name: 1.000 (pre=1.000 rec=1.000)
                hood: 0.780 (pre=0.822 rec=0.742)
Mean: 0.841 (pre=0.928 rec=0.794)
log P(doc) = -20676.298240053304
                  id: 1.000 (pre=1.000 rec=1.000)
               price: 0.583 (pre=0.890 rec=0.433)
                name: 1.000 (pre=1.000 rec=1.000)
                hood: 0.780 (pre=0.822 rec=0.742)
Mean: 0.841 (pre=0.928 rec=0.794)
log P(doc) = -20675.438222468645
                  id: 1.000 (pre=1.000 rec=1.000)
               price: 0.583 (pre=0.890 rec=0.433)
                name: 1.000 (pre=1.000 rec=1.000)
                hood: 0.780 (pre=0.822 rec=0.742)
Mean: 0.841 (pre=0.928 rec=0.794)
log P(doc) = -20674.71969106491
                  id: 1.000 (pre=1.000 rec=1.000)
               price: 0.583 (pre=0.890 rec=0.433)
                name: 1.000 (pre=1.000 rec=1.000)
                hood: 0.780 (pre=0.822 rec=0.742)
Mean: 0.841 (pre=0.928 rec=0.794)
log P(doc) = -20674.12370622636
                  id: 1.000 (pre=1.000 rec=1.000)
               price: 0.583 (pre=0.890 rec=0.433)
                name: 1.000 (pre=1.000 rec=1.000)
                hood: 0.780 (pre=0.822 rec=0.742)
Mean: 0.841 (pre=0.928 rec=0.794)
log P(doc) = -20673.63206396684
                  id: 1.000 (pre=1.000 rec=1.000)
               price: 0.583 (pre=0.890 rec=0.433)
                name: 1.000 (pre=1.000 rec=1.000)
                hood: 0.780 (pre=0.822 rec=0.742)
Mean: 0.841 (pre=0.928 rec=0.794)
log P(doc) = -20673.228152602962
                  id: 1.000 (pre=1.000 rec=1.000)
               price: 0.583 (pre=0.890 rec=0.433)
                name: 1.000 (pre=1.000 rec=1.000)
                hood: 0.780 (pre=0.822 rec=0.742)
Mean: 0.841 (pre=0.928 rec=0.794)
log P(doc) = -20672.897316965427
                  id: 1.000 (pre=1.000 rec=1.000)
               price: 0.583 (pre=0.890 rec=0.433)
                name: 1.000 (pre=1.000 rec=1.000)
                hood: 0.780 (pre=0.822 rec=0.742)
Mean: 0.841 (pre=0.928 rec=0.794)
log P(doc) = -20672.626923597567
                  id: 1.000 (pre=1.000 rec=1.000)
               price: 0.583 (pre=0.890 rec=0.433)
                name: 1.000 (pre=1.000 rec=1.000)
                hood: 0.780 (pre=0.822 rec=0.742)
Mean: 0.841 (pre=0.928 rec=0.794)
log P(doc) = -20672.40625888837
                  id: 1.000 (pre=1.000 rec=1.000)
               price: 0.583 (pre=0.890 rec=0.433)
                name: 1.000 (pre=1.000 rec=1.000)
                hood: 0.780 (pre=0.822 rec=0.742)
Mean: 0.841 (pre=0.928 rec=0.794)
log P(doc) = -20672.22634471101
                  id: 1.000 (pre=1.000 rec=1.000)
               price: 0.583 (pre=0.890 rec=0.433)
                name: 1.000 (pre=1.000 rec=1.000)
                hood: 0.780 (pre=0.822 rec=0.742)
Mean: 0.841 (pre=0.928 rec=0.794)
log P(doc) = -20672.079723001767
                  id: 1.000 (pre=1.000 rec=1.000)
               price: 0.583 (pre=0.890 rec=0.433)
                name: 1.000 (pre=1.000 rec=1.000)
                hood: 0.780 (pre=0.822 rec=0.742)
Mean: 0.841 (pre=0.928 rec=0.794)
log P(doc) = -20671.960238822627
                  id: 1.000 (pre=1.000 rec=1.000)
               price: 0.583 (pre=0.890 rec=0.433)
                name: 1.000 (pre=1.000 rec=1.000)
                hood: 0.780 (pre=0.822 rec=0.742)
Mean: 0.841 (pre=0.928 rec=0.794)
log P(doc) = -20671.862837596178
                  id: 1.000 (pre=1.000 rec=1.000)
               price: 0.583 (pre=0.890 rec=0.433)
                name: 1.000 (pre=1.000 rec=1.000)
                hood: 0.780 (pre=0.822 rec=0.742)
Mean: 0.841 (pre=0.928 rec=0.794)
log P(doc) = -20671.783383774204
                  id: 1.000 (pre=1.000 rec=1.000)
               price: 0.583 (pre=0.890 rec=0.433)
                name: 1.000 (pre=1.000 rec=1.000)
                hood: 0.780 (pre=0.822 rec=0.742)
Mean: 0.841 (pre=0.928 rec=0.794)
log P(doc) = -20671.718503221447
                  id: 1.000 (pre=1.000 rec=1.000)
               price: 0.583 (pre=0.890 rec=0.433)
                name: 1.000 (pre=1.000 rec=1.000)
                hood: 0.780 (pre=0.822 rec=0.742)
Mean: 0.841 (pre=0.928 rec=0.794)
log P(doc) = -20671.665448853055
                  id: 1.000 (pre=1.000 rec=1.000)
               price: 0.583 (pre=0.890 rec=0.433)
                name: 1.000 (pre=1.000 rec=1.000)
                hood: 0.780 (pre=0.822 rec=0.742)
Mean: 0.841 (pre=0.928 rec=0.794)
log P(doc) = -20671.621987678012
                  id: 1.000 (pre=1.000 rec=1.000)
               price: 0.583 (pre=0.890 rec=0.433)
                name: 1.000 (pre=1.000 rec=1.000)
                hood: 0.780 (pre=0.822 rec=0.742)
Mean: 0.841 (pre=0.928 rec=0.794)
log P(doc) = -20671.58630676175
                  id: 1.000 (pre=1.000 rec=1.000)
               price: 0.583 (pre=0.890 rec=0.433)
                name: 1.000 (pre=1.000 rec=1.000)
                hood: 0.780 (pre=0.822 rec=0.742)
Mean: 0.841 (pre=0.928 rec=0.794)
log P(doc) = -20671.556935538843
                  id: 1.000 (pre=1.000 rec=1.000)
               price: 0.583 (pre=0.890 rec=0.433)
                name: 1.000 (pre=1.000 rec=1.000)
                hood: 0.780 (pre=0.822 rec=0.742)
Mean: 0.841 (pre=0.928 rec=0.794)
log P(doc) = -20671.532681971043
                  id: 1.000 (pre=1.000 rec=1.000)
               price: 0.583 (pre=0.890 rec=0.433)
                name: 1.000 (pre=1.000 rec=1.000)
                hood: 0.780 (pre=0.822 rec=0.742)
Mean: 0.841 (pre=0.928 rec=0.794)
log P(doc) = -20671.512580291543
                  id: 1.000 (pre=1.000 rec=1.000)
               price: 0.583 (pre=0.890 rec=0.433)
                name: 1.000 (pre=1.000 rec=1.000)
                hood: 0.780 (pre=0.822 rec=0.742)
Mean: 0.841 (pre=0.928 rec=0.794)

Iterations: 72
Loss log: 34503.5 27113.9 27060.4 27052.3 27050.1 27049.0 27046.6 27030.0 26910.2 26533.1 26148.0 25873.9 25646.3 25430.4 25169.2 24745.6 24065.0 23394.5 23016.3 22777.9 22503.1 22207.0 21985.5 21805.2 21626.8 21475.4 21360.0 21257.1 21169.1 21116.7 21077.5 21028.3 20978.6 20935.3 20892.1 20860.4 20850.6 20847.3 20841.6 20830.6 20810.9 20778.9 20736.7 20700.7 20687.5 20685.0 20683.1 20681.4 20679.9 20678.5 20677.3 20676.3 20675.4 20674.7 20674.1 20673.6 20673.2 20672.9 20672.6 20672.4 20672.2 20672.1 20672.0 20671.9 20671.8 20671.7 20671.7 20671.6 20671.6 20671.6 20671.5 20671.5
       0.8    0  15 '⸬< li class = " result - row " data - pid = "'
       2.2   14  16 '7101023051'
       3.8   15  21 '⸬" data - repost - of = "'
       2.4   23  26 '7080444552'
       1.1   24  31 '⸬" > < a href = " https : / / newyork . craigslist . org /'
       2.4   41  35 'mnh'
       3.1   42   0 '⸬/ pho / d /'
      18.9   47   5 'new - york - fiberbilt - case / 7101023051'
       2.2   56  17 '⸬. html " class = " result - image gallery " data - ids = "'
      14.0   72  22 '1 : 00505_948kGKEcogn , 1 : 00G0G_dPrpQCHn8Ap'
       2.2   79  27 '⸬" > < img alt = " " class = " thumb " src = " . / craigslist1_files /'
       2.1   99  33 '00505_948kGKEcogn_50x50c'
       2.6  100  37 '⸬. jpg " > < span class = " result - price " > $'
       2.0  115   3 '25'
       2.2  116   7 '⸬< / span > < / a > < p class = " re[…303…] - date " datetime = " 2020 - 04 - 03'
       6.4  201  13 '18 : 11'
       0.7  204  19 '⸬" title = " Fri 03 Apr'
      10.0  211  24 '06 : 11 : 27'
       2.6  216  25 'PM'
       1.0  217  29 '⸬" > Apr 3 < / time > < a href = " https : / / newyork . craigslist . org /'
       2.4  240  35 'mnh'
       3.1  241   0 '⸬/ pho / d /'
      18.6  246   5 'new - york - fiberbilt - case / 7101023051'
       0.7  255   9 '⸬. html " data - id = "'
       2.0  263  14 '7101023051'
       0.7  264  18 '⸬" class = " result - title hdrlnk " >'
       4.0  274  23 'FIBERBILT CASE'
       1.0  276  28 '⸬< / a > < span class = " result - me[…81…]< span class = " result - price " > $'
       2.1  301  34 '25'
       4.2  302  39 '⸬< / span > < span class = " result - hood " > ('
       6.1  317   4 'Midtown East )'
       2.3  320   8 '⸬< / span > < span class = " result […694…]ass = " result - row " data - pid = "'
       2.2  520  16 '7101022794'
       3.8  521  21 '⸬" data - repost - of = "'
       2.4  529  26 '7080591499'
       1.1  530  31 '⸬" > < a href = " https : / / newyork . craigslist . org /'
       2.4  547  35 'mnh'
       3.1  548   0 '⸬/ pho / d /'
      22.9  553   5 'new - york - vintage - zero - halliburton / 7101022794'
       2.2  564  17 '⸬. html " class = " result - image gallery " data - ids = "'

                  id: 1.000 (pre=1.000 rec=1.000)
               price: 0.583 (pre=0.890 rec=0.433)
                name: 1.000 (pre=1.000 rec=1.000)
                hood: 0.780 (pre=0.822 rec=0.742)
Mean: 0.841 (pre=0.928 rec=0.794)

